mode: atomic
github.com/loyalcoin/backend/cmd/update-allocation/main.go:16.13,18.46 1 0
github.com/loyalcoin/backend/cmd/update-allocation/main.go:18.46,20.3 1 0
github.com/loyalcoin/backend/cmd/update-allocation/main.go:22.2,23.15 2 0
github.com/loyalcoin/backend/cmd/update-allocation/main.go:23.15,25.3 1 0
github.com/loyalcoin/backend/cmd/update-allocation/main.go:27.2,31.16 4 0
github.com/loyalcoin/backend/cmd/update-allocation/main.go:31.16,33.3 1 0
github.com/loyalcoin/backend/cmd/update-allocation/main.go:34.2,37.18 3 0
github.com/loyalcoin/backend/cmd/update-allocation/main.go:37.18,39.3 1 0
github.com/loyalcoin/backend/cmd/update-allocation/main.go:41.2,52.16 5 0
github.com/loyalcoin/backend/cmd/update-allocation/main.go:52.16,54.3 1 0
github.com/loyalcoin/backend/cmd/update-allocation/main.go:56.2,56.107 1 0
github.com/loyalcoin/backend/cmd/auth-service/main.go:19.13,30.66 4 0
github.com/loyalcoin/backend/cmd/auth-service/main.go:30.66,32.53 2 0
github.com/loyalcoin/backend/cmd/auth-service/main.go:32.53,34.4 1 0
github.com/loyalcoin/backend/cmd/auth-service/main.go:35.3,35.91 1 0
github.com/loyalcoin/backend/cmd/auth-service/main.go:35.91,37.4 1 0
github.com/loyalcoin/backend/cmd/auth-service/main.go:38.3,38.54 1 0
github.com/loyalcoin/backend/cmd/auth-service/main.go:42.2,43.16 2 0
github.com/loyalcoin/backend/cmd/auth-service/main.go:43.16,45.3 1 0
github.com/loyalcoin/backend/cmd/auth-service/main.go:46.2,54.16 3 0
github.com/loyalcoin/backend/cmd/auth-service/main.go:54.16,56.3 1 0
github.com/loyalcoin/backend/cmd/auth-service/main.go:59.2,66.45 2 0
github.com/loyalcoin/backend/cmd/auth-service/main.go:66.45,70.3 1 0
github.com/loyalcoin/backend/cmd/auth-service/main.go:70.8,72.3 1 0
github.com/loyalcoin/backend/cmd/auth-service/main.go:75.2,95.29 8 0
github.com/loyalcoin/backend/cmd/auth-service/main.go:95.29,97.3 1 0
github.com/loyalcoin/backend/cmd/auth-service/main.go:100.2,106.34 5 0
github.com/loyalcoin/backend/cmd/auth-service/main.go:106.34,109.3 2 0
github.com/loyalcoin/backend/cmd/auth-service/main.go:112.2,112.45 1 0
github.com/loyalcoin/backend/cmd/auth-service/main.go:112.45,117.3 1 0
github.com/loyalcoin/backend/cmd/auth-service/main.go:120.2,121.2 2 0
github.com/loyalcoin/backend/cmd/auth-service/main.go:121.2,124.3 2 0
github.com/loyalcoin/backend/cmd/auth-service/main.go:124.3,127.4 2 0
github.com/loyalcoin/backend/cmd/auth-service/main.go:130.3,132.3 3 0
github.com/loyalcoin/backend/cmd/auth-service/main.go:132.3,135.4 2 0
github.com/loyalcoin/backend/cmd/auth-service/main.go:138.3,140.3 3 0
github.com/loyalcoin/backend/cmd/auth-service/main.go:140.3,143.4 2 0
github.com/loyalcoin/backend/cmd/auth-service/main.go:147.2,152.41 3 0
github.com/loyalcoin/backend/cmd/auth-service/main.go:152.41,154.3 1 0
github.com/loyalcoin/backend/cmd/mint-lcn/main.go:15.13,22.45 4 0
github.com/loyalcoin/backend/cmd/mint-lcn/main.go:22.45,24.3 1 0
github.com/loyalcoin/backend/cmd/mint-lcn/main.go:26.2,35.16 7 0
github.com/loyalcoin/backend/cmd/mint-lcn/main.go:35.16,37.3 1 0
github.com/loyalcoin/backend/cmd/mint-lcn/main.go:39.2,48.6 7 0
github.com/loyalcoin/backend/cmd/mint-lcn/main.go:48.6,50.17 2 0
github.com/loyalcoin/backend/cmd/mint-lcn/main.go:50.17,53.12 3 0
github.com/loyalcoin/backend/cmd/mint-lcn/main.go:56.3,57.27 2 0
github.com/loyalcoin/backend/cmd/mint-lcn/main.go:57.27,58.33 1 0
github.com/loyalcoin/backend/cmd/mint-lcn/main.go:58.33,59.31 1 0
github.com/loyalcoin/backend/cmd/mint-lcn/main.go:59.31,62.6 2 0
github.com/loyalcoin/backend/cmd/mint-lcn/main.go:66.3,66.32 1 0
github.com/loyalcoin/backend/cmd/mint-lcn/main.go:66.32,68.9 2 0
github.com/loyalcoin/backend/cmd/mint-lcn/main.go:70.3,70.31 1 0
github.com/loyalcoin/backend/cmd/mint-lcn/main.go:74.2,82.40 3 0
github.com/loyalcoin/backend/internal/cardano/blockfrost.go:20.71,28.2 1 0
github.com/loyalcoin/backend/internal/cardano/blockfrost.go:58.83,62.16 3 0
github.com/loyalcoin/backend/internal/cardano/blockfrost.go:62.16,64.3 1 0
github.com/loyalcoin/backend/internal/cardano/blockfrost.go:66.2,69.16 3 0
github.com/loyalcoin/backend/internal/cardano/blockfrost.go:69.16,71.3 1 0
github.com/loyalcoin/backend/internal/cardano/blockfrost.go:72.2,74.38 2 0
github.com/loyalcoin/backend/internal/cardano/blockfrost.go:74.38,77.3 2 0
github.com/loyalcoin/backend/internal/cardano/blockfrost.go:79.2,80.66 2 0
github.com/loyalcoin/backend/internal/cardano/blockfrost.go:80.66,82.3 1 0
github.com/loyalcoin/backend/internal/cardano/blockfrost.go:84.2,84.19 1 0
github.com/loyalcoin/backend/internal/cardano/blockfrost.go:88.81,92.16 3 0
github.com/loyalcoin/backend/internal/cardano/blockfrost.go:92.16,94.3 1 0
github.com/loyalcoin/backend/internal/cardano/blockfrost.go:96.2,99.16 3 0
github.com/loyalcoin/backend/internal/cardano/blockfrost.go:99.16,101.3 1 0
github.com/loyalcoin/backend/internal/cardano/blockfrost.go:102.2,104.38 2 0
github.com/loyalcoin/backend/internal/cardano/blockfrost.go:104.38,107.3 2 0
github.com/loyalcoin/backend/internal/cardano/blockfrost.go:109.2,110.65 2 0
github.com/loyalcoin/backend/internal/cardano/blockfrost.go:110.65,112.3 1 0
github.com/loyalcoin/backend/internal/cardano/blockfrost.go:114.2,114.19 1 0
github.com/loyalcoin/backend/internal/cardano/blockfrost.go:118.83,122.16 3 0
github.com/loyalcoin/backend/internal/cardano/blockfrost.go:122.16,124.3 1 0
github.com/loyalcoin/backend/internal/cardano/blockfrost.go:126.2,130.16 4 0
github.com/loyalcoin/backend/internal/cardano/blockfrost.go:130.16,132.3 1 0
github.com/loyalcoin/backend/internal/cardano/blockfrost.go:133.2,135.38 2 0
github.com/loyalcoin/backend/internal/cardano/blockfrost.go:135.38,138.3 2 0
github.com/loyalcoin/backend/internal/cardano/blockfrost.go:140.2,141.67 2 0
github.com/loyalcoin/backend/internal/cardano/blockfrost.go:141.67,143.3 1 0
github.com/loyalcoin/backend/internal/cardano/blockfrost.go:145.2,145.27 1 0
github.com/loyalcoin/backend/internal/cardano/blockfrost.go:149.84,153.16 3 0
github.com/loyalcoin/backend/internal/cardano/blockfrost.go:153.16,155.3 1 0
github.com/loyalcoin/backend/internal/cardano/blockfrost.go:157.2,160.16 3 0
github.com/loyalcoin/backend/internal/cardano/blockfrost.go:160.16,162.3 1 0
github.com/loyalcoin/backend/internal/cardano/blockfrost.go:163.2,165.38 2 0
github.com/loyalcoin/backend/internal/cardano/blockfrost.go:165.38,168.3 2 0
github.com/loyalcoin/backend/internal/cardano/blockfrost.go:170.2,171.67 2 0
github.com/loyalcoin/backend/internal/cardano/blockfrost.go:171.67,173.3 1 0
github.com/loyalcoin/backend/internal/cardano/blockfrost.go:175.2,175.20 1 0
github.com/loyalcoin/backend/internal/cardano/blockfrost.go:179.43,183.16 3 0
github.com/loyalcoin/backend/internal/cardano/blockfrost.go:183.16,185.3 1 0
github.com/loyalcoin/backend/internal/cardano/blockfrost.go:187.2,188.16 2 0
github.com/loyalcoin/backend/internal/cardano/blockfrost.go:188.16,190.3 1 0
github.com/loyalcoin/backend/internal/cardano/blockfrost.go:191.2,193.38 2 0
github.com/loyalcoin/backend/internal/cardano/blockfrost.go:193.38,195.3 1 0
github.com/loyalcoin/backend/internal/cardano/blockfrost.go:197.2,197.12 1 0
github.com/loyalcoin/backend/internal/cardano/service.go:36.19,55.2 3 0
github.com/loyalcoin/backend/internal/cardano/service.go:68.71,75.71 4 0
github.com/loyalcoin/backend/internal/cardano/service.go:75.71,82.17 3 0
github.com/loyalcoin/backend/internal/cardano/service.go:82.17,84.4 1 0
github.com/loyalcoin/backend/internal/cardano/service.go:86.3,87.17 2 0
github.com/loyalcoin/backend/internal/cardano/service.go:87.17,89.4 1 0
github.com/loyalcoin/backend/internal/cardano/service.go:92.3,92.69 1 0
github.com/loyalcoin/backend/internal/cardano/service.go:92.69,96.4 1 0
github.com/loyalcoin/backend/internal/cardano/service.go:97.8,100.3 1 0
github.com/loyalcoin/backend/internal/cardano/service.go:103.2,110.29 3 0
github.com/loyalcoin/backend/internal/cardano/service.go:110.29,113.43 2 0
github.com/loyalcoin/backend/internal/cardano/service.go:113.43,114.36 1 0
github.com/loyalcoin/backend/internal/cardano/service.go:114.36,116.5 1 0
github.com/loyalcoin/backend/internal/cardano/service.go:116.10,119.5 2 0
github.com/loyalcoin/backend/internal/cardano/service.go:124.2,127.21 3 0
github.com/loyalcoin/backend/internal/cardano/service.go:136.19,139.16 2 0
github.com/loyalcoin/backend/internal/cardano/service.go:139.16,141.3 1 0
github.com/loyalcoin/backend/internal/cardano/service.go:143.2,156.16 5 0
github.com/loyalcoin/backend/internal/cardano/service.go:156.16,158.3 1 0
github.com/loyalcoin/backend/internal/cardano/service.go:162.2,167.16 4 0
github.com/loyalcoin/backend/internal/cardano/service.go:167.16,169.3 1 0
github.com/loyalcoin/backend/internal/cardano/service.go:171.2,176.36 5 0
github.com/loyalcoin/backend/internal/cardano/service.go:176.36,178.3 1 0
github.com/loyalcoin/backend/internal/cardano/service.go:181.2,182.16 2 0
github.com/loyalcoin/backend/internal/cardano/service.go:182.16,184.3 1 0
github.com/loyalcoin/backend/internal/cardano/service.go:185.2,187.35 2 0
github.com/loyalcoin/backend/internal/cardano/service.go:187.35,189.3 1 0
github.com/loyalcoin/backend/internal/cardano/service.go:192.2,198.64 2 0
github.com/loyalcoin/backend/internal/cardano/service.go:198.64,201.3 1 0
github.com/loyalcoin/backend/internal/cardano/service.go:203.2,203.27 1 0
github.com/loyalcoin/backend/internal/cardano/service.go:203.27,205.3 1 0
github.com/loyalcoin/backend/internal/cardano/service.go:207.2,223.60 4 0
github.com/loyalcoin/backend/internal/cardano/service.go:223.60,227.3 1 0
github.com/loyalcoin/backend/internal/cardano/service.go:229.2,229.20 1 0
github.com/loyalcoin/backend/internal/cardano/service.go:233.41,235.2 1 0
github.com/loyalcoin/backend/internal/cardano/txbuilder.go:26.82,33.2 1 0
github.com/loyalcoin/backend/internal/cardano/txbuilder.go:46.43,48.2 1 0
github.com/loyalcoin/backend/internal/cardano/txbuilder.go:50.52,52.42 2 0
github.com/loyalcoin/backend/internal/cardano/txbuilder.go:52.42,55.3 2 0
github.com/loyalcoin/backend/internal/cardano/txbuilder.go:56.2,56.15 1 0
github.com/loyalcoin/backend/internal/cardano/txbuilder.go:60.113,65.33 3 0
github.com/loyalcoin/backend/internal/cardano/txbuilder.go:65.33,67.48 2 0
github.com/loyalcoin/backend/internal/cardano/txbuilder.go:67.48,69.4 1 0
github.com/loyalcoin/backend/internal/cardano/txbuilder.go:73.2,77.40 3 0
github.com/loyalcoin/backend/internal/cardano/txbuilder.go:77.40,78.45 1 0
github.com/loyalcoin/backend/internal/cardano/txbuilder.go:78.45,79.65 1 0
github.com/loyalcoin/backend/internal/cardano/txbuilder.go:79.65,81.5 1 0
github.com/loyalcoin/backend/internal/cardano/txbuilder.go:86.2,90.35 4 0
github.com/loyalcoin/backend/internal/cardano/txbuilder.go:90.35,94.50 3 0
github.com/loyalcoin/backend/internal/cardano/txbuilder.go:94.50,96.4 1 0
github.com/loyalcoin/backend/internal/cardano/txbuilder.go:99.3,102.59 2 0
github.com/loyalcoin/backend/internal/cardano/txbuilder.go:102.59,105.50 2 0
github.com/loyalcoin/backend/internal/cardano/txbuilder.go:105.50,106.46 1 0
github.com/loyalcoin/backend/internal/cardano/txbuilder.go:106.46,108.11 2 0
github.com/loyalcoin/backend/internal/cardano/txbuilder.go:112.4,112.16 1 0
github.com/loyalcoin/backend/internal/cardano/txbuilder.go:112.16,117.57 3 0
github.com/loyalcoin/backend/internal/cardano/txbuilder.go:117.57,119.32 2 0
github.com/loyalcoin/backend/internal/cardano/txbuilder.go:119.32,121.7 1 0
github.com/loyalcoin/backend/internal/cardano/txbuilder.go:125.5,125.65 1 0
github.com/loyalcoin/backend/internal/cardano/txbuilder.go:125.65,127.14 1 0
github.com/loyalcoin/backend/internal/cardano/txbuilder.go:130.5,137.11 1 0
github.com/loyalcoin/backend/internal/cardano/txbuilder.go:142.3,142.30 1 0
github.com/loyalcoin/backend/internal/cardano/txbuilder.go:142.30,144.4 1 0
github.com/loyalcoin/backend/internal/cardano/txbuilder.go:147.2,147.112 1 0
github.com/loyalcoin/backend/internal/cardano/txbuilder.go:151.67,162.2 4 0
github.com/loyalcoin/backend/internal/cardano/txbuilder.go:165.59,166.20 1 0
github.com/loyalcoin/backend/internal/cardano/txbuilder.go:166.20,168.3 1 0
github.com/loyalcoin/backend/internal/cardano/txbuilder.go:170.2,170.55 1 0
github.com/loyalcoin/backend/internal/cardano/txbuilder.go:174.63,175.33 1 0
github.com/loyalcoin/backend/internal/cardano/txbuilder.go:175.33,178.39 2 0
github.com/loyalcoin/backend/internal/cardano/txbuilder.go:178.39,181.4 1 0
github.com/loyalcoin/backend/internal/cardano/txbuilder.go:184.2,184.12 1 0
github.com/loyalcoin/backend/internal/cardano/txbuilder.go:188.75,191.33 2 3
github.com/loyalcoin/backend/internal/cardano/txbuilder.go:191.33,199.39 3 3
github.com/loyalcoin/backend/internal/cardano/txbuilder.go:199.39,200.32 1 5
github.com/loyalcoin/backend/internal/cardano/txbuilder.go:200.32,203.19 2 3
github.com/loyalcoin/backend/internal/cardano/txbuilder.go:203.19,205.6 1 0
github.com/loyalcoin/backend/internal/cardano/txbuilder.go:206.5,206.35 1 3
github.com/loyalcoin/backend/internal/cardano/txbuilder.go:207.10,212.29 3 2
github.com/loyalcoin/backend/internal/cardano/txbuilder.go:212.29,215.6 2 1
github.com/loyalcoin/backend/internal/cardano/txbuilder.go:217.5,218.19 2 2
github.com/loyalcoin/backend/internal/cardano/txbuilder.go:218.19,220.6 1 0
github.com/loyalcoin/backend/internal/cardano/txbuilder.go:221.5,225.7 1 2
github.com/loyalcoin/backend/internal/cardano/txbuilder.go:229.3,230.30 2 3
github.com/loyalcoin/backend/internal/cardano/txbuilder.go:233.2,233.19 1 3
github.com/loyalcoin/backend/internal/config/config.go:75.21,142.35 3 0
github.com/loyalcoin/backend/internal/config/config.go:142.35,144.3 1 0
github.com/loyalcoin/backend/internal/config/config.go:146.2,146.12 1 0
github.com/loyalcoin/backend/internal/config/config.go:150.42,151.42 1 0
github.com/loyalcoin/backend/internal/config/config.go:151.42,153.3 1 0
github.com/loyalcoin/backend/internal/config/config.go:154.2,154.17 1 0
github.com/loyalcoin/backend/internal/config/config.go:157.48,158.42 1 0
github.com/loyalcoin/backend/internal/config/config.go:158.42,159.53 1 0
github.com/loyalcoin/backend/internal/config/config.go:159.53,161.4 1 0
github.com/loyalcoin/backend/internal/config/config.go:163.2,163.17 1 0
github.com/loyalcoin/backend/internal/config/config.go:166.57,167.42 1 0
github.com/loyalcoin/backend/internal/config/config.go:167.42,168.69 1 0
github.com/loyalcoin/backend/internal/config/config.go:168.69,170.4 1 0
github.com/loyalcoin/backend/internal/config/config.go:172.2,172.17 1 0
github.com/loyalcoin/backend/internal/config/config.go:175.60,176.42 1 0
github.com/loyalcoin/backend/internal/config/config.go:176.42,177.65 1 0
github.com/loyalcoin/backend/internal/config/config.go:177.65,179.4 1 0
github.com/loyalcoin/backend/internal/config/config.go:181.2,181.17 1 0
github.com/loyalcoin/backend/internal/storage/database.go:21.47,30.16 5 0
github.com/loyalcoin/backend/internal/storage/database.go:30.16,32.3 1 0
github.com/loyalcoin/backend/internal/storage/database.go:35.2,35.46 1 0
github.com/loyalcoin/backend/internal/storage/database.go:35.46,37.3 1 0
github.com/loyalcoin/backend/internal/storage/database.go:39.2,49.46 3 0
github.com/loyalcoin/backend/internal/storage/database.go:49.46,53.3 1 0
github.com/loyalcoin/backend/internal/storage/database.go:55.2,55.16 1 0
github.com/loyalcoin/backend/internal/storage/database.go:59.29,63.2 3 0
github.com/loyalcoin/backend/internal/storage/database.go:66.56,82.89 3 0
github.com/loyalcoin/backend/internal/storage/database.go:82.89,84.3 1 0
github.com/loyalcoin/backend/internal/storage/database.go:87.2,98.89 3 0
github.com/loyalcoin/backend/internal/storage/database.go:98.89,100.3 1 0
github.com/loyalcoin/backend/internal/storage/database.go:103.2,125.83 3 0
github.com/loyalcoin/backend/internal/storage/database.go:125.83,127.3 1 0
github.com/loyalcoin/backend/internal/storage/database.go:130.2,142.93 3 0
github.com/loyalcoin/backend/internal/storage/database.go:142.93,144.3 1 0
github.com/loyalcoin/backend/internal/storage/database.go:147.2,154.86 3 0
github.com/loyalcoin/backend/internal/storage/database.go:154.86,156.3 1 0
github.com/loyalcoin/backend/internal/storage/database.go:158.2,159.12 2 0
github.com/loyalcoin/backend/internal/storage/database.go:163.60,165.2 1 0
github.com/loyalcoin/backend/internal/storage/txlog_repository.go:20.50,22.2 1 0
github.com/loyalcoin/backend/internal/storage/txlog_repository.go:25.87,30.16 4 0
github.com/loyalcoin/backend/internal/storage/txlog_repository.go:30.16,32.3 1 0
github.com/loyalcoin/backend/internal/storage/txlog_repository.go:34.2,35.12 2 0
github.com/loyalcoin/backend/internal/storage/txlog_repository.go:39.101,44.16 4 0
github.com/loyalcoin/backend/internal/storage/txlog_repository.go:44.16,46.3 1 0
github.com/loyalcoin/backend/internal/storage/txlog_repository.go:48.2,48.20 1 0
github.com/loyalcoin/backend/internal/storage/txlog_repository.go:52.127,69.16 8 0
github.com/loyalcoin/backend/internal/storage/txlog_repository.go:69.16,71.3 1 0
github.com/loyalcoin/backend/internal/storage/txlog_repository.go:72.2,75.49 3 0
github.com/loyalcoin/backend/internal/storage/txlog_repository.go:75.49,77.3 1 0
github.com/loyalcoin/backend/internal/storage/txlog_repository.go:79.2,79.20 1 0
github.com/loyalcoin/backend/internal/storage/txlog_repository.go:83.127,93.40 3 0
github.com/loyalcoin/backend/internal/storage/txlog_repository.go:93.40,95.3 1 0
github.com/loyalcoin/backend/internal/storage/txlog_repository.go:97.2,98.16 2 0
github.com/loyalcoin/backend/internal/storage/txlog_repository.go:98.16,100.3 1 0
github.com/loyalcoin/backend/internal/storage/txlog_repository.go:102.2,102.12 1 0
github.com/loyalcoin/backend/internal/storage/user_repository.go:20.48,22.2 1 0
github.com/loyalcoin/backend/internal/storage/user_repository.go:25.95,32.16 6 0
github.com/loyalcoin/backend/internal/storage/user_repository.go:32.16,33.37 1 0
github.com/loyalcoin/backend/internal/storage/user_repository.go:33.37,35.4 1 0
github.com/loyalcoin/backend/internal/storage/user_repository.go:36.3,36.58 1 0
github.com/loyalcoin/backend/internal/storage/user_repository.go:39.2,40.12 2 0
github.com/loyalcoin/backend/internal/storage/user_repository.go:44.95,50.16 5 0
github.com/loyalcoin/backend/internal/storage/user_repository.go:50.16,51.37 1 0
github.com/loyalcoin/backend/internal/storage/user_repository.go:51.37,53.4 1 0
github.com/loyalcoin/backend/internal/storage/user_repository.go:54.3,54.58 1 0
github.com/loyalcoin/backend/internal/storage/user_repository.go:57.2,58.12 2 0
github.com/loyalcoin/backend/internal/storage/user_repository.go:62.106,67.16 4 0
github.com/loyalcoin/backend/internal/storage/user_repository.go:67.16,68.34 1 0
github.com/loyalcoin/backend/internal/storage/user_repository.go:68.34,70.4 1 0
github.com/loyalcoin/backend/internal/storage/user_repository.go:71.3,71.60 1 0
github.com/loyalcoin/backend/internal/storage/user_repository.go:74.2,74.23 1 0
github.com/loyalcoin/backend/internal/storage/user_repository.go:78.106,83.16 4 0
github.com/loyalcoin/backend/internal/storage/user_repository.go:83.16,84.34 1 0
github.com/loyalcoin/backend/internal/storage/user_repository.go:84.34,86.4 1 0
github.com/loyalcoin/backend/internal/storage/user_repository.go:87.3,87.60 1 0
github.com/loyalcoin/backend/internal/storage/user_repository.go:90.2,90.23 1 0
github.com/loyalcoin/backend/internal/storage/user_repository.go:94.100,96.16 2 0
github.com/loyalcoin/backend/internal/storage/user_repository.go:96.16,98.3 1 0
github.com/loyalcoin/backend/internal/storage/user_repository.go:100.2,104.16 4 0
github.com/loyalcoin/backend/internal/storage/user_repository.go:104.16,105.34 1 0
github.com/loyalcoin/backend/internal/storage/user_repository.go:105.34,107.4 1 0
github.com/loyalcoin/backend/internal/storage/user_repository.go:108.3,108.60 1 0
github.com/loyalcoin/backend/internal/storage/user_repository.go:111.2,111.23 1 0
github.com/loyalcoin/backend/internal/storage/user_repository.go:115.100,117.16 2 0
github.com/loyalcoin/backend/internal/storage/user_repository.go:117.16,119.3 1 0
github.com/loyalcoin/backend/internal/storage/user_repository.go:121.2,125.16 4 0
github.com/loyalcoin/backend/internal/storage/user_repository.go:125.16,126.34 1 0
github.com/loyalcoin/backend/internal/storage/user_repository.go:126.34,128.4 1 0
github.com/loyalcoin/backend/internal/storage/user_repository.go:129.3,129.60 1 0
github.com/loyalcoin/backend/internal/storage/user_repository.go:132.2,132.23 1 0
github.com/loyalcoin/backend/internal/storage/user_repository.go:136.95,138.16 2 0
github.com/loyalcoin/backend/internal/storage/user_repository.go:138.16,140.3 1 0
github.com/loyalcoin/backend/internal/storage/user_repository.go:142.2,150.16 4 0
github.com/loyalcoin/backend/internal/storage/user_repository.go:150.16,152.3 1 0
github.com/loyalcoin/backend/internal/storage/user_repository.go:154.2,154.12 1 0
github.com/loyalcoin/backend/internal/storage/user_repository.go:158.95,160.16 2 0
github.com/loyalcoin/backend/internal/storage/user_repository.go:160.16,162.3 1 0
github.com/loyalcoin/backend/internal/storage/user_repository.go:164.2,172.16 4 0
github.com/loyalcoin/backend/internal/storage/user_repository.go:172.16,174.3 1 0
github.com/loyalcoin/backend/internal/storage/user_repository.go:176.2,176.12 1 0
github.com/loyalcoin/backend/internal/storage/utxo_repository.go:20.48,22.2 1 0
github.com/loyalcoin/backend/internal/storage/utxo_repository.go:32.103,42.16 4 0
github.com/loyalcoin/backend/internal/storage/utxo_repository.go:42.16,43.34 1 0
github.com/loyalcoin/backend/internal/storage/utxo_repository.go:43.34,49.4 1 0
github.com/loyalcoin/backend/internal/storage/utxo_repository.go:50.3,50.57 1 0
github.com/loyalcoin/backend/internal/storage/utxo_repository.go:54.2,55.40 2 0
github.com/loyalcoin/backend/internal/storage/utxo_repository.go:55.40,63.56 3 0
github.com/loyalcoin/backend/internal/storage/utxo_repository.go:63.56,65.46 2 0
github.com/loyalcoin/backend/internal/storage/utxo_repository.go:65.46,70.5 1 0
github.com/loyalcoin/backend/internal/storage/utxo_repository.go:73.3,73.30 1 0
github.com/loyalcoin/backend/internal/storage/utxo_repository.go:76.2,80.8 1 0
github.com/loyalcoin/backend/internal/storage/utxo_repository.go:84.102,89.29 3 0
github.com/loyalcoin/backend/internal/storage/utxo_repository.go:89.29,91.43 2 0
github.com/loyalcoin/backend/internal/storage/utxo_repository.go:91.43,93.4 1 0
github.com/loyalcoin/backend/internal/storage/utxo_repository.go:95.3,101.42 2 0
github.com/loyalcoin/backend/internal/storage/utxo_repository.go:104.2,122.16 5 0
github.com/loyalcoin/backend/internal/storage/utxo_repository.go:122.16,124.3 1 0
github.com/loyalcoin/backend/internal/storage/utxo_repository.go:126.2,126.12 1 0
github.com/loyalcoin/backend/internal/storage/utxo_repository.go:130.80,134.16 3 0
github.com/loyalcoin/backend/internal/storage/utxo_repository.go:134.16,136.3 1 0
github.com/loyalcoin/backend/internal/storage/utxo_repository.go:138.2,138.12 1 0
github.com/loyalcoin/backend/internal/api/auth_handler.go:25.117,31.2 1 0
github.com/loyalcoin/backend/internal/api/auth_handler.go:50.46,52.47 2 0
github.com/loyalcoin/backend/internal/api/auth_handler.go:52.47,60.3 2 0
github.com/loyalcoin/backend/internal/api/auth_handler.go:63.2,63.60 1 0
github.com/loyalcoin/backend/internal/api/auth_handler.go:63.60,70.3 2 0
github.com/loyalcoin/backend/internal/api/auth_handler.go:73.2,74.16 2 0
github.com/loyalcoin/backend/internal/api/auth_handler.go:74.16,82.3 3 0
github.com/loyalcoin/backend/internal/api/auth_handler.go:84.2,90.16 5 0
github.com/loyalcoin/backend/internal/api/auth_handler.go:90.16,98.3 3 0
github.com/loyalcoin/backend/internal/api/auth_handler.go:100.2,107.18 2 0
github.com/loyalcoin/backend/internal/api/auth_handler.go:108.27,109.29 1 0
github.com/loyalcoin/backend/internal/api/auth_handler.go:109.29,116.4 2 0
github.com/loyalcoin/backend/internal/api/auth_handler.go:118.3,129.66 2 0
github.com/loyalcoin/backend/internal/api/auth_handler.go:129.66,139.4 3 0
github.com/loyalcoin/backend/internal/api/auth_handler.go:141.3,154.5 2 0
github.com/loyalcoin/backend/internal/api/auth_handler.go:156.27,157.25 1 0
github.com/loyalcoin/backend/internal/api/auth_handler.go:157.25,164.4 2 0
github.com/loyalcoin/backend/internal/api/auth_handler.go:166.3,174.66 2 0
github.com/loyalcoin/backend/internal/api/auth_handler.go:174.66,184.4 3 0
github.com/loyalcoin/backend/internal/api/auth_handler.go:186.3,198.5 2 0
github.com/loyalcoin/backend/internal/api/auth_handler.go:200.10,205.5 1 0
github.com/loyalcoin/backend/internal/api/auth_handler.go:210.45,212.47 2 0
github.com/loyalcoin/backend/internal/api/auth_handler.go:212.47,219.3 2 0
github.com/loyalcoin/backend/internal/api/auth_handler.go:221.2,226.24 4 0
github.com/loyalcoin/backend/internal/api/auth_handler.go:226.24,228.67 1 0
github.com/loyalcoin/backend/internal/api/auth_handler.go:228.67,235.4 2 0
github.com/loyalcoin/backend/internal/api/auth_handler.go:238.3,239.17 2 0
github.com/loyalcoin/backend/internal/api/auth_handler.go:239.17,247.4 3 0
github.com/loyalcoin/backend/internal/api/auth_handler.go:249.3,267.9 3 0
github.com/loyalcoin/backend/internal/api/auth_handler.go:271.2,272.24 2 0
github.com/loyalcoin/backend/internal/api/auth_handler.go:272.24,274.67 1 0
github.com/loyalcoin/backend/internal/api/auth_handler.go:274.67,281.4 2 0
github.com/loyalcoin/backend/internal/api/auth_handler.go:284.3,285.17 2 0
github.com/loyalcoin/backend/internal/api/auth_handler.go:285.17,293.4 3 0
github.com/loyalcoin/backend/internal/api/auth_handler.go:295.3,313.9 3 0
github.com/loyalcoin/backend/internal/api/auth_handler.go:317.2,321.4 1 0
github.com/loyalcoin/backend/internal/api/wallet_handler.go:26.18,32.2 1 0
github.com/loyalcoin/backend/internal/api/wallet_handler.go:35.52,47.16 5 0
github.com/loyalcoin/backend/internal/api/wallet_handler.go:47.16,57.3 3 0
github.com/loyalcoin/backend/internal/api/wallet_handler.go:59.2,69.4 1 0
github.com/loyalcoin/backend/internal/api/wallet_handler.go:73.57,81.54 5 0
github.com/loyalcoin/backend/internal/api/wallet_handler.go:81.54,82.74 1 0
github.com/loyalcoin/backend/internal/api/wallet_handler.go:82.74,84.4 1 0
github.com/loyalcoin/backend/internal/api/wallet_handler.go:87.2,87.57 1 0
github.com/loyalcoin/backend/internal/api/wallet_handler.go:87.57,88.64 1 0
github.com/loyalcoin/backend/internal/api/wallet_handler.go:88.64,90.4 1 0
github.com/loyalcoin/backend/internal/api/wallet_handler.go:93.2,100.16 3 0
github.com/loyalcoin/backend/internal/api/wallet_handler.go:100.16,110.3 3 0
github.com/loyalcoin/backend/internal/api/wallet_handler.go:113.2,114.28 2 0
github.com/loyalcoin/backend/internal/api/wallet_handler.go:114.28,117.36 2 0
github.com/loyalcoin/backend/internal/api/wallet_handler.go:117.36,119.4 1 0
github.com/loyalcoin/backend/internal/api/wallet_handler.go:121.3,132.28 2 0
github.com/loyalcoin/backend/internal/api/wallet_handler.go:132.28,134.4 1 0
github.com/loyalcoin/backend/internal/api/wallet_handler.go:136.3,136.25 1 0
github.com/loyalcoin/backend/internal/api/wallet_handler.go:136.25,138.4 1 0
github.com/loyalcoin/backend/internal/api/wallet_handler.go:140.3,140.46 1 0
github.com/loyalcoin/backend/internal/api/wallet_handler.go:143.2,151.4 1 0
github.com/loyalcoin/backend/internal/api/wallet_handler.go:155.50,161.33 4 0
github.com/loyalcoin/backend/internal/api/wallet_handler.go:161.33,168.3 2 0
github.com/loyalcoin/backend/internal/api/wallet_handler.go:170.2,176.47 2 0
github.com/loyalcoin/backend/internal/api/wallet_handler.go:176.47,183.3 2 0
github.com/loyalcoin/backend/internal/api/wallet_handler.go:185.2,196.16 5 0
github.com/loyalcoin/backend/internal/api/wallet_handler.go:196.16,206.3 3 0
github.com/loyalcoin/backend/internal/api/wallet_handler.go:209.2,209.43 1 0
github.com/loyalcoin/backend/internal/api/wallet_handler.go:209.43,220.3 2 0
github.com/loyalcoin/backend/internal/api/wallet_handler.go:223.2,229.16 2 0
github.com/loyalcoin/backend/internal/api/wallet_handler.go:229.16,239.3 3 0
github.com/loyalcoin/backend/internal/api/wallet_handler.go:242.2,243.65 2 0
github.com/loyalcoin/backend/internal/api/wallet_handler.go:243.65,247.3 1 0
github.com/loyalcoin/backend/internal/api/wallet_handler.go:249.2,262.4 2 0
github.com/loyalcoin/backend/internal/api/wallet_handler.go:266.51,272.33 4 0
github.com/loyalcoin/backend/internal/api/wallet_handler.go:272.33,279.3 2 0
github.com/loyalcoin/backend/internal/api/wallet_handler.go:281.2,286.47 2 0
github.com/loyalcoin/backend/internal/api/wallet_handler.go:286.47,293.3 2 0
github.com/loyalcoin/backend/internal/api/wallet_handler.go:295.2,306.16 5 0
github.com/loyalcoin/backend/internal/api/wallet_handler.go:306.16,313.3 2 0
github.com/loyalcoin/backend/internal/api/wallet_handler.go:316.2,322.16 2 0
github.com/loyalcoin/backend/internal/api/wallet_handler.go:322.16,332.3 3 0
github.com/loyalcoin/backend/internal/api/wallet_handler.go:334.2,346.4 2 0
github.com/loyalcoin/backend/pkg/logger/logger.go:12.33,19.15 3 0
github.com/loyalcoin/backend/pkg/logger/logger.go:20.15,21.34 1 0
github.com/loyalcoin/backend/pkg/logger/logger.go:22.14,23.33 1 0
github.com/loyalcoin/backend/pkg/logger/logger.go:24.14,25.33 1 0
github.com/loyalcoin/backend/pkg/logger/logger.go:26.15,27.34 1 0
github.com/loyalcoin/backend/pkg/logger/logger.go:28.10,29.33 1 0
github.com/loyalcoin/backend/pkg/logger/logger.go:33.2,33.22 1 0
github.com/loyalcoin/backend/pkg/logger/logger.go:33.22,37.3 1 0
github.com/loyalcoin/backend/pkg/logger/logger.go:37.8,42.3 1 0
github.com/loyalcoin/backend/pkg/logger/logger.go:46.54,47.19 1 0
github.com/loyalcoin/backend/pkg/logger/logger.go:47.19,49.3 1 0
github.com/loyalcoin/backend/pkg/logger/logger.go:49.8,51.3 1 0
github.com/loyalcoin/backend/pkg/logger/logger.go:55.66,56.19 1 0
github.com/loyalcoin/backend/pkg/logger/logger.go:56.19,58.3 1 0
github.com/loyalcoin/backend/pkg/logger/logger.go:59.2,59.16 1 0
github.com/loyalcoin/backend/pkg/logger/logger.go:59.16,61.3 1 0
github.com/loyalcoin/backend/pkg/logger/logger.go:62.2,62.50 1 0
github.com/loyalcoin/backend/pkg/logger/logger.go:66.54,67.19 1 0
github.com/loyalcoin/backend/pkg/logger/logger.go:67.19,69.3 1 0
github.com/loyalcoin/backend/pkg/logger/logger.go:69.8,71.3 1 0
github.com/loyalcoin/backend/pkg/logger/logger.go:75.55,76.19 1 0
github.com/loyalcoin/backend/pkg/logger/logger.go:76.19,78.3 1 0
github.com/loyalcoin/backend/pkg/logger/logger.go:78.8,80.3 1 0
github.com/loyalcoin/backend/pkg/logger/logger.go:84.72,85.19 1 0
github.com/loyalcoin/backend/pkg/logger/logger.go:85.19,87.3 1 0
github.com/loyalcoin/backend/pkg/logger/logger.go:88.2,91.53 4 0
github.com/loyalcoin/backend/pkg/middleware/middleware.go:14.66,15.30 1 0
github.com/loyalcoin/backend/pkg/middleware/middleware.go:15.30,18.23 2 0
github.com/loyalcoin/backend/pkg/middleware/middleware.go:18.23,26.4 3 0
github.com/loyalcoin/backend/pkg/middleware/middleware.go:29.3,30.46 2 0
github.com/loyalcoin/backend/pkg/middleware/middleware.go:30.46,38.4 3 0
github.com/loyalcoin/backend/pkg/middleware/middleware.go:40.3,44.17 3 0
github.com/loyalcoin/backend/pkg/middleware/middleware.go:44.17,55.4 4 0
github.com/loyalcoin/backend/pkg/middleware/middleware.go:58.3,62.11 4 0
github.com/loyalcoin/backend/pkg/middleware/middleware.go:67.56,68.30 1 0
github.com/loyalcoin/backend/pkg/middleware/middleware.go:68.30,70.14 2 0
github.com/loyalcoin/backend/pkg/middleware/middleware.go:70.14,78.4 3 0
github.com/loyalcoin/backend/pkg/middleware/middleware.go:80.3,84.38 3 0
github.com/loyalcoin/backend/pkg/middleware/middleware.go:84.38,85.28 1 0
github.com/loyalcoin/backend/pkg/middleware/middleware.go:85.28,87.10 2 0
github.com/loyalcoin/backend/pkg/middleware/middleware.go:91.3,91.14 1 0
github.com/loyalcoin/backend/pkg/middleware/middleware.go:91.14,94.4 2 0
github.com/loyalcoin/backend/pkg/middleware/middleware.go:96.3,107.12 3 0
github.com/loyalcoin/backend/pkg/middleware/middleware.go:112.39,113.30 1 0
github.com/loyalcoin/backend/pkg/middleware/middleware.go:113.30,119.36 5 0
github.com/loyalcoin/backend/pkg/middleware/middleware.go:119.36,122.4 2 0
github.com/loyalcoin/backend/pkg/middleware/middleware.go:124.3,124.11 1 0
github.com/loyalcoin/backend/pkg/middleware/middleware.go:129.48,130.30 1 0
github.com/loyalcoin/backend/pkg/middleware/middleware.go:130.30,146.3 3 0
github.com/loyalcoin/backend/internal/crypto/cardano.go:22.69,25.16 2 9
github.com/loyalcoin/backend/internal/crypto/cardano.go:25.16,27.3 1 0
github.com/loyalcoin/backend/internal/crypto/cardano.go:30.2,31.16 2 9
github.com/loyalcoin/backend/internal/crypto/cardano.go:31.16,33.3 1 0
github.com/loyalcoin/backend/internal/crypto/cardano.go:35.2,39.8 1 9
github.com/loyalcoin/backend/internal/crypto/cardano.go:44.89,48.16 2 9
github.com/loyalcoin/backend/internal/crypto/cardano.go:48.16,50.3 1 0
github.com/loyalcoin/backend/internal/crypto/cardano.go:51.2,60.24 4 9
github.com/loyalcoin/backend/internal/crypto/cardano.go:60.24,62.3 1 1
github.com/loyalcoin/backend/internal/crypto/cardano.go:62.8,64.3 1 8
github.com/loyalcoin/backend/internal/crypto/cardano.go:68.2,74.24 5 9
github.com/loyalcoin/backend/internal/crypto/cardano.go:74.24,76.3 1 1
github.com/loyalcoin/backend/internal/crypto/cardano.go:79.2,80.16 2 9
github.com/loyalcoin/backend/internal/crypto/cardano.go:80.16,82.3 1 0
github.com/loyalcoin/backend/internal/crypto/cardano.go:84.2,85.16 2 9
github.com/loyalcoin/backend/internal/crypto/cardano.go:85.16,87.3 1 0
github.com/loyalcoin/backend/internal/crypto/cardano.go:89.2,89.21 1 9
github.com/loyalcoin/backend/internal/crypto/cardano.go:93.60,95.2 1 3
github.com/loyalcoin/backend/internal/crypto/cardano.go:98.65,100.16 2 1
github.com/loyalcoin/backend/internal/crypto/cardano.go:100.16,102.3 1 0
github.com/loyalcoin/backend/internal/crypto/cardano.go:104.2,104.45 1 1
github.com/loyalcoin/backend/internal/crypto/cardano.go:104.45,107.3 1 0
github.com/loyalcoin/backend/internal/crypto/cardano.go:109.2,109.42 1 1
github.com/loyalcoin/backend/internal/crypto/cardano.go:113.57,115.2 1 1
github.com/loyalcoin/backend/internal/crypto/cardano.go:118.63,120.16 2 1
github.com/loyalcoin/backend/internal/crypto/cardano.go:120.16,122.3 1 0
github.com/loyalcoin/backend/internal/crypto/cardano.go:124.2,124.44 1 1
github.com/loyalcoin/backend/internal/crypto/cardano.go:124.44,127.3 1 0
github.com/loyalcoin/backend/internal/crypto/cardano.go:129.2,129.41 1 1
github.com/loyalcoin/backend/internal/crypto/cardano.go:133.72,135.2 1 1
github.com/loyalcoin/backend/internal/crypto/cardano.go:138.83,140.2 1 3
github.com/loyalcoin/backend/internal/crypto/cardano.go:143.71,146.47 1 1
github.com/loyalcoin/backend/internal/crypto/cardano.go:146.47,148.3 1 0
github.com/loyalcoin/backend/internal/crypto/cardano.go:150.2,153.37 3 1
github.com/loyalcoin/backend/internal/crypto/cardano.go:157.38,159.2 1 3
github.com/loyalcoin/backend/internal/crypto/encryption.go:24.36,26.57 2 8
github.com/loyalcoin/backend/internal/crypto/encryption.go:26.57,28.3 1 0
github.com/loyalcoin/backend/internal/crypto/encryption.go:29.2,29.17 1 8
github.com/loyalcoin/backend/internal/crypto/encryption.go:33.75,36.16 2 5
github.com/loyalcoin/backend/internal/crypto/encryption.go:36.16,38.3 1 0
github.com/loyalcoin/backend/internal/crypto/encryption.go:41.2,42.16 2 5
github.com/loyalcoin/backend/internal/crypto/encryption.go:42.16,44.3 1 0
github.com/loyalcoin/backend/internal/crypto/encryption.go:47.2,48.59 2 5
github.com/loyalcoin/backend/internal/crypto/encryption.go:48.59,50.3 1 0
github.com/loyalcoin/backend/internal/crypto/encryption.go:53.2,57.31 3 5
github.com/loyalcoin/backend/internal/crypto/encryption.go:57.31,59.3 1 0
github.com/loyalcoin/backend/internal/crypto/encryption.go:61.2,72.18 4 5
github.com/loyalcoin/backend/internal/crypto/encryption.go:76.70,79.16 2 2
github.com/loyalcoin/backend/internal/crypto/encryption.go:79.16,81.3 1 0
github.com/loyalcoin/backend/internal/crypto/encryption.go:83.2,84.16 2 2
github.com/loyalcoin/backend/internal/crypto/encryption.go:84.16,86.3 1 0
github.com/loyalcoin/backend/internal/crypto/encryption.go:88.2,89.16 2 2
github.com/loyalcoin/backend/internal/crypto/encryption.go:89.16,91.3 1 0
github.com/loyalcoin/backend/internal/crypto/encryption.go:94.2,98.16 3 2
github.com/loyalcoin/backend/internal/crypto/encryption.go:98.16,100.3 1 0
github.com/loyalcoin/backend/internal/crypto/encryption.go:103.2,104.16 2 2
github.com/loyalcoin/backend/internal/crypto/encryption.go:104.16,106.3 1 0
github.com/loyalcoin/backend/internal/crypto/encryption.go:109.2,110.16 2 2
github.com/loyalcoin/backend/internal/crypto/encryption.go:110.16,112.3 1 1
github.com/loyalcoin/backend/internal/crypto/encryption.go:114.2,114.23 1 1
github.com/loyalcoin/backend/internal/crypto/encryption.go:118.63,120.16 2 1
github.com/loyalcoin/backend/internal/crypto/encryption.go:120.16,122.3 1 0
github.com/loyalcoin/backend/internal/crypto/encryption.go:123.2,123.31 1 1
github.com/loyalcoin/backend/internal/crypto/encryption.go:127.66,129.63 2 1
github.com/loyalcoin/backend/internal/crypto/encryption.go:129.63,131.3 1 0
github.com/loyalcoin/backend/internal/crypto/encryption.go:132.2,132.19 1 1
github.com/loyalcoin/backend/internal/crypto/encryption.go:136.26,137.19 1 4
github.com/loyalcoin/backend/internal/crypto/encryption.go:137.19,139.3 1 101
github.com/loyalcoin/backend/internal/crypto/vault.go:22.66,31.2 1 2
github.com/loyalcoin/backend/internal/crypto/vault.go:34.59,43.16 4 2
github.com/loyalcoin/backend/internal/crypto/vault.go:43.16,45.3 1 0
github.com/loyalcoin/backend/internal/crypto/vault.go:48.2,50.16 3 2
github.com/loyalcoin/backend/internal/crypto/vault.go:50.16,52.3 1 0
github.com/loyalcoin/backend/internal/crypto/vault.go:54.2,58.16 4 2
github.com/loyalcoin/backend/internal/crypto/vault.go:58.16,60.3 1 0
github.com/loyalcoin/backend/internal/crypto/vault.go:61.2,65.38 3 2
github.com/loyalcoin/backend/internal/crypto/vault.go:65.38,67.3 1 2
github.com/loyalcoin/backend/internal/crypto/vault.go:69.2,75.54 2 0
github.com/loyalcoin/backend/internal/crypto/vault.go:75.54,77.3 1 0
github.com/loyalcoin/backend/internal/crypto/vault.go:79.2,79.36 1 0
github.com/loyalcoin/backend/internal/crypto/vault.go:83.68,89.16 3 0
github.com/loyalcoin/backend/internal/crypto/vault.go:89.16,91.3 1 0
github.com/loyalcoin/backend/internal/crypto/vault.go:94.2,96.16 3 0
github.com/loyalcoin/backend/internal/crypto/vault.go:96.16,98.3 1 0
github.com/loyalcoin/backend/internal/crypto/vault.go:100.2,104.16 4 0
github.com/loyalcoin/backend/internal/crypto/vault.go:104.16,106.3 1 0
github.com/loyalcoin/backend/internal/crypto/vault.go:107.2,111.38 3 0
github.com/loyalcoin/backend/internal/crypto/vault.go:111.38,113.3 1 0
github.com/loyalcoin/backend/internal/crypto/vault.go:115.2,121.54 2 0
github.com/loyalcoin/backend/internal/crypto/vault.go:121.54,123.3 1 0
github.com/loyalcoin/backend/internal/crypto/vault.go:126.2,127.16 2 0
github.com/loyalcoin/backend/internal/crypto/vault.go:127.16,129.3 1 0
github.com/loyalcoin/backend/internal/crypto/vault.go:131.2,131.17 1 0
github.com/loyalcoin/backend/internal/crypto/vault.go:135.38,139.16 3 0
github.com/loyalcoin/backend/internal/crypto/vault.go:139.16,141.3 1 0
github.com/loyalcoin/backend/internal/crypto/vault.go:143.2,144.16 2 0
github.com/loyalcoin/backend/internal/crypto/vault.go:144.16,146.3 1 0
github.com/loyalcoin/backend/internal/crypto/vault.go:147.2,150.38 2 0
github.com/loyalcoin/backend/internal/crypto/vault.go:150.38,152.3 1 0
github.com/loyalcoin/backend/internal/crypto/vault.go:154.2,154.12 1 0
github.com/loyalcoin/backend/internal/crypto/wallet_service.go:14.64,18.2 1 2
github.com/loyalcoin/backend/internal/crypto/wallet_service.go:21.77,24.17 2 2
github.com/loyalcoin/backend/internal/crypto/wallet_service.go:25.17,26.20 1 0
github.com/loyalcoin/backend/internal/crypto/wallet_service.go:27.10,28.20 1 2
github.com/loyalcoin/backend/internal/crypto/wallet_service.go:32.2,33.16 2 2
github.com/loyalcoin/backend/internal/crypto/wallet_service.go:33.16,35.3 1 0
github.com/loyalcoin/backend/internal/crypto/wallet_service.go:38.2,39.16 2 2
github.com/loyalcoin/backend/internal/crypto/wallet_service.go:39.16,41.3 1 0
github.com/loyalcoin/backend/internal/crypto/wallet_service.go:42.2,47.16 4 2
github.com/loyalcoin/backend/internal/crypto/wallet_service.go:47.16,49.3 1 0
github.com/loyalcoin/backend/internal/crypto/wallet_service.go:52.2,53.16 2 2
github.com/loyalcoin/backend/internal/crypto/wallet_service.go:53.16,55.3 1 2
github.com/loyalcoin/backend/internal/crypto/wallet_service.go:56.2,60.16 3 0
github.com/loyalcoin/backend/internal/crypto/wallet_service.go:60.16,62.3 1 0
github.com/loyalcoin/backend/internal/crypto/wallet_service.go:64.2,69.8 1 0
github.com/loyalcoin/backend/internal/crypto/wallet_service.go:73.96,76.16 2 0
github.com/loyalcoin/backend/internal/crypto/wallet_service.go:76.16,78.3 1 0
github.com/loyalcoin/backend/internal/crypto/wallet_service.go:81.2,82.16 2 0
github.com/loyalcoin/backend/internal/crypto/wallet_service.go:82.16,84.3 1 0
github.com/loyalcoin/backend/internal/crypto/wallet_service.go:85.2,89.16 3 0
github.com/loyalcoin/backend/internal/crypto/wallet_service.go:89.16,91.3 1 0
github.com/loyalcoin/backend/internal/crypto/wallet_service.go:92.2,96.16 3 0
github.com/loyalcoin/backend/internal/crypto/wallet_service.go:96.16,98.3 1 0
github.com/loyalcoin/backend/internal/crypto/wallet_service.go:100.2,100.24 1 0
github.com/loyalcoin/backend/internal/crypto/wallet_service.go:104.97,107.16 2 0
github.com/loyalcoin/backend/internal/crypto/wallet_service.go:107.16,109.3 1 0
github.com/loyalcoin/backend/internal/crypto/wallet_service.go:110.2,115.23 3 0
github.com/loyalcoin/backend/internal/auth/jwt.go:32.100,35.16 2 0
github.com/loyalcoin/backend/internal/auth/jwt.go:35.16,37.3 1 0
github.com/loyalcoin/backend/internal/auth/jwt.go:39.2,40.28 2 0
github.com/loyalcoin/backend/internal/auth/jwt.go:40.28,42.3 1 0
github.com/loyalcoin/backend/internal/auth/jwt.go:44.2,45.16 2 0
github.com/loyalcoin/backend/internal/auth/jwt.go:45.16,47.3 1 0
github.com/loyalcoin/backend/internal/auth/jwt.go:50.2,51.16 2 0
github.com/loyalcoin/backend/internal/auth/jwt.go:51.16,53.3 1 0
github.com/loyalcoin/backend/internal/auth/jwt.go:55.2,56.27 2 0
github.com/loyalcoin/backend/internal/auth/jwt.go:56.27,58.3 1 0
github.com/loyalcoin/backend/internal/auth/jwt.go:60.2,61.16 2 0
github.com/loyalcoin/backend/internal/auth/jwt.go:61.16,63.3 1 0
github.com/loyalcoin/backend/internal/auth/jwt.go:65.2,66.9 2 0
github.com/loyalcoin/backend/internal/auth/jwt.go:66.9,68.3 1 0
github.com/loyalcoin/backend/internal/auth/jwt.go:70.2,74.8 1 0
github.com/loyalcoin/backend/internal/auth/jwt.go:78.107,93.16 5 0
github.com/loyalcoin/backend/internal/auth/jwt.go:93.16,95.3 1 0
github.com/loyalcoin/backend/internal/auth/jwt.go:97.2,97.25 1 0
github.com/loyalcoin/backend/internal/auth/jwt.go:101.76,102.107 1 0
github.com/loyalcoin/backend/internal/auth/jwt.go:102.107,104.57 1 0
github.com/loyalcoin/backend/internal/auth/jwt.go:104.57,106.4 1 0
github.com/loyalcoin/backend/internal/auth/jwt.go:107.3,107.26 1 0
github.com/loyalcoin/backend/internal/auth/jwt.go:110.2,110.16 1 0
github.com/loyalcoin/backend/internal/auth/jwt.go:110.16,112.3 1 0
github.com/loyalcoin/backend/internal/auth/jwt.go:114.2,115.25 2 0
github.com/loyalcoin/backend/internal/auth/jwt.go:115.25,117.3 1 0
github.com/loyalcoin/backend/internal/auth/jwt.go:119.2,119.20 1 0
github.com/loyalcoin/backend/internal/auth/jwt.go:123.66,126.16 2 0
github.com/loyalcoin/backend/internal/auth/jwt.go:126.16,128.3 1 0
github.com/loyalcoin/backend/internal/auth/jwt.go:131.2,138.74 3 0
github.com/loyalcoin/backend/internal/auth/jwt.go:138.74,140.3 1 0
github.com/loyalcoin/backend/internal/auth/jwt.go:143.2,144.16 2 0
github.com/loyalcoin/backend/internal/auth/jwt.go:144.16,146.3 1 0
github.com/loyalcoin/backend/internal/auth/jwt.go:148.2,154.72 2 0
github.com/loyalcoin/backend/internal/auth/jwt.go:154.72,156.3 1 0
github.com/loyalcoin/backend/internal/auth/jwt.go:158.2,158.12 1 0
github.com/loyalcoin/backend/internal/auth/password.go:10.62,12.16 2 2
github.com/loyalcoin/backend/internal/auth/password.go:12.16,14.3 1 0
github.com/loyalcoin/backend/internal/auth/password.go:15.2,15.27 1 2
github.com/loyalcoin/backend/internal/auth/password.go:19.52,22.2 2 2
github.com/loyalcoin/backend/internal/auth/password.go:25.46,26.23 1 6
github.com/loyalcoin/backend/internal/auth/password.go:26.23,28.3 1 1
github.com/loyalcoin/backend/internal/auth/password.go:31.2,34.32 3 5
github.com/loyalcoin/backend/internal/auth/password.go:34.32,35.33 1 50
github.com/loyalcoin/backend/internal/auth/password.go:35.33,37.4 1 18
github.com/loyalcoin/backend/internal/auth/password.go:38.3,38.67 1 50
github.com/loyalcoin/backend/internal/auth/password.go:38.67,40.4 1 32
github.com/loyalcoin/backend/internal/auth/password.go:43.2,43.15 1 5
github.com/loyalcoin/backend/internal/auth/password.go:43.15,45.3 1 1
github.com/loyalcoin/backend/internal/auth/password.go:47.2,47.16 1 4
github.com/loyalcoin/backend/internal/auth/password.go:47.16,49.3 1 1
github.com/loyalcoin/backend/internal/auth/password.go:51.2,51.12 1 3
